{"/Users/jeppesigaard/widget/config.js": {"path":"/Users/jeppesigaard/widget/config.js","statementMap":{"0":{"start":{"line":1,"column":21},"end":{"line":1,"column":55}},"1":{"start":{"line":2,"column":23},"end":{"line":2,"column":71}}},"fnMap":{},"branchMap":{},"s":{"0":4,"1":4},"f":{},"b":{},"_coverageSchema":"332fd63041d2c1bcb487cc26dd0d5f7d97098a6c","hash":"304b8468e7986377b0677d2d6efb50fef6c5dd82"}
,"/Users/jeppesigaard/widget/app/actions.js": {"path":"/Users/jeppesigaard/widget/app/actions.js","statementMap":{"0":{"start":{"line":6,"column":27},"end":{"line":6,"column":40}},"1":{"start":{"line":9,"column":26},"end":{"line":11,"column":1}},"2":{"start":{"line":10,"column":2},"end":{"line":10,"column":45}},"3":{"start":{"line":14,"column":26},"end":{"line":28,"column":1}},"4":{"start":{"line":15,"column":2},"end":{"line":27,"column":4}},"5":{"start":{"line":16,"column":18},"end":{"line":16,"column":79}},"6":{"start":{"line":17,"column":4},"end":{"line":17,"column":36}},"7":{"start":{"line":19,"column":4},"end":{"line":26,"column":9}},"8":{"start":{"line":22,"column":8},"end":{"line":22,"column":55}},"9":{"start":{"line":25,"column":8},"end":{"line":25,"column":42}}},"fnMap":{"0":{"name":"(anonymous_0)","decl":{"start":{"line":9,"column":26},"end":{"line":9,"column":27}},"loc":{"start":{"line":9,"column":49},"end":{"line":11,"column":1}},"line":9},"1":{"name":"(anonymous_1)","decl":{"start":{"line":14,"column":26},"end":{"line":14,"column":27}},"loc":{"start":{"line":14,"column":41},"end":{"line":28,"column":1}},"line":14},"2":{"name":"(anonymous_2)","decl":{"start":{"line":15,"column":9},"end":{"line":15,"column":10}},"loc":{"start":{"line":15,"column":33},"end":{"line":27,"column":3}},"line":15},"3":{"name":"(anonymous_3)","decl":{"start":{"line":21,"column":12},"end":{"line":21,"column":13}},"loc":{"start":{"line":21,"column":24},"end":{"line":23,"column":7}},"line":21},"4":{"name":"(anonymous_4)","decl":{"start":{"line":24,"column":13},"end":{"line":24,"column":14}},"loc":{"start":{"line":24,"column":18},"end":{"line":26,"column":7}},"line":24}},"branchMap":{},"s":{"0":4,"1":4,"2":3,"3":4,"4":0,"5":0,"6":0,"7":0,"8":0,"9":0},"f":{"0":3,"1":0,"2":0,"3":0,"4":0},"b":{},"_coverageSchema":"332fd63041d2c1bcb487cc26dd0d5f7d97098a6c","hash":"e5bf20bd3883d49c5bb02fc36d4377029c42cc25"}
,"/Users/jeppesigaard/widget/app/app.js": {"path":"/Users/jeppesigaard/widget/app/app.js","statementMap":{"0":{"start":{"line":8,"column":12},"end":{"line":15,"column":1}},"1":{"start":{"line":9,"column":16},"end":{"line":9,"column":78}},"2":{"start":{"line":10,"column":2},"end":{"line":14,"column":4}}},"fnMap":{"0":{"name":"(anonymous_0)","decl":{"start":{"line":8,"column":12},"end":{"line":8,"column":13}},"loc":{"start":{"line":8,"column":28},"end":{"line":15,"column":1}},"line":8}},"branchMap":{},"s":{"0":1,"1":1,"2":1},"f":{"0":1},"b":{},"_coverageSchema":"332fd63041d2c1bcb487cc26dd0d5f7d97098a6c","hash":"bccb2bd19aa5d4dd2d36d5ec69ad8cf0afa806a4"}
,"/Users/jeppesigaard/widget/app/reducer.js": {"path":"/Users/jeppesigaard/widget/app/reducer.js","statementMap":{"0":{"start":{"line":2,"column":2},"end":{"line":16,"column":3}},"1":{"start":{"line":3,"column":4},"end":{"line":15,"column":5}},"2":{"start":{"line":5,"column":8},"end":{"line":5,"column":21}},"3":{"start":{"line":9,"column":8},"end":{"line":9,"column":40}},"4":{"start":{"line":13,"column":8},"end":{"line":13,"column":27}},"5":{"start":{"line":17,"column":2},"end":{"line":17,"column":15}}},"fnMap":{"0":{"name":"(anonymous_0)","decl":{"start":{"line":1,"column":15},"end":{"line":1,"column":16}},"loc":{"start":{"line":1,"column":44},"end":{"line":18,"column":1}},"line":1}},"branchMap":{"0":{"loc":{"start":{"line":1,"column":24},"end":{"line":1,"column":34}},"type":"default-arg","locations":[{"start":{"line":1,"column":32},"end":{"line":1,"column":34}}],"line":1},"1":{"loc":{"start":{"line":2,"column":2},"end":{"line":16,"column":3}},"type":"if","locations":[{"start":{"line":2,"column":2},"end":{"line":16,"column":3}},{"start":{"line":2,"column":2},"end":{"line":16,"column":3}}],"line":2},"2":{"loc":{"start":{"line":3,"column":4},"end":{"line":15,"column":5}},"type":"switch","locations":[{"start":{"line":4,"column":6},"end":{"line":6,"column":7}},{"start":{"line":8,"column":6},"end":{"line":10,"column":7}},{"start":{"line":12,"column":6},"end":{"line":14,"column":7}}],"line":3}},"s":{"0":6,"1":3,"2":1,"3":1,"4":1,"5":3},"f":{"0":6},"b":{"0":[1],"1":[3,3],"2":[1,1,1]},"_coverageSchema":"332fd63041d2c1bcb487cc26dd0d5f7d97098a6c","hash":"426593ec5bf2e3b71b7e28817de952264cbd1c76"}
,"/Users/jeppesigaard/widget/app/template.js": {"path":"/Users/jeppesigaard/widget/app/template.js","statementMap":{"0":{"start":{"line":1,"column":17},"end":{"line":15,"column":1}},"1":{"start":{"line":1,"column":41},"end":{"line":15,"column":1}}},"fnMap":{"0":{"name":"(anonymous_0)","decl":{"start":{"line":1,"column":17},"end":{"line":1,"column":18}},"loc":{"start":{"line":1,"column":41},"end":{"line":15,"column":1}},"line":1}},"branchMap":{},"s":{"0":1,"1":1},"f":{"0":1},"b":{},"_coverageSchema":"332fd63041d2c1bcb487cc26dd0d5f7d97098a6c","hash":"a1a3fe73637f724746b317b2ada69cc78d4c5b0d"}
,"/Users/jeppesigaard/widget/app/widget.js": {"path":"/Users/jeppesigaard/widget/app/widget.js","statementMap":{"0":{"start":{"line":9,"column":4},"end":{"line":9,"column":12}},"1":{"start":{"line":12,"column":4},"end":{"line":12,"column":34}},"2":{"start":{"line":15,"column":4},"end":{"line":15,"column":53}},"3":{"start":{"line":16,"column":4},"end":{"line":16,"column":53}},"4":{"start":{"line":21,"column":4},"end":{"line":21,"column":28}},"5":{"start":{"line":21,"column":15},"end":{"line":21,"column":28}},"6":{"start":{"line":22,"column":21},"end":{"line":22,"column":25}},"7":{"start":{"line":23,"column":4},"end":{"line":23,"column":28}},"8":{"start":{"line":23,"column":15},"end":{"line":23,"column":28}},"9":{"start":{"line":25,"column":4},"end":{"line":25,"column":35}},"10":{"start":{"line":30,"column":4},"end":{"line":30,"column":28}},"11":{"start":{"line":30,"column":15},"end":{"line":30,"column":28}},"12":{"start":{"line":31,"column":25},"end":{"line":31,"column":29}},"13":{"start":{"line":32,"column":4},"end":{"line":32,"column":32}},"14":{"start":{"line":32,"column":19},"end":{"line":32,"column":32}},"15":{"start":{"line":34,"column":4},"end":{"line":34,"column":20}},"16":{"start":{"line":39,"column":4},"end":{"line":39,"column":28}},"17":{"start":{"line":39,"column":15},"end":{"line":39,"column":28}},"18":{"start":{"line":40,"column":27},"end":{"line":40,"column":31}},"19":{"start":{"line":41,"column":4},"end":{"line":41,"column":37}},"20":{"start":{"line":41,"column":24},"end":{"line":41,"column":37}},"21":{"start":{"line":45,"column":4},"end":{"line":53,"column":5}},"22":{"start":{"line":46,"column":6},"end":{"line":46,"column":25}},"23":{"start":{"line":47,"column":11},"end":{"line":53,"column":5}},"24":{"start":{"line":48,"column":6},"end":{"line":48,"column":24}},"25":{"start":{"line":49,"column":11},"end":{"line":53,"column":5}},"26":{"start":{"line":50,"column":6},"end":{"line":50,"column":24}},"27":{"start":{"line":52,"column":6},"end":{"line":52,"column":25}},"28":{"start":{"line":55,"column":4},"end":{"line":55,"column":39}},"29":{"start":{"line":60,"column":4},"end":{"line":60,"column":48}},"30":{"start":{"line":65,"column":4},"end":{"line":65,"column":23}},"31":{"start":{"line":66,"column":25},"end":{"line":66,"column":35}},"32":{"start":{"line":67,"column":20},"end":{"line":67,"column":35}},"33":{"start":{"line":68,"column":4},"end":{"line":68,"column":36}},"34":{"start":{"line":69,"column":4},"end":{"line":69,"column":50}},"35":{"start":{"line":70,"column":4},"end":{"line":70,"column":36}},"36":{"start":{"line":74,"column":41},"end":{"line":74,"column":51}},"37":{"start":{"line":75,"column":4},"end":{"line":122,"column":6}},"38":{"start":{"line":126,"column":17},"end":{"line":131,"column":2}},"39":{"start":{"line":126,"column":27},"end":{"line":131,"column":1}},"40":{"start":{"line":133,"column":20},"end":{"line":133,"column":76}},"41":{"start":{"line":133,"column":32},"end":{"line":133,"column":76}}},"fnMap":{"0":{"name":"(anonymous_0)","decl":{"start":{"line":8,"column":2},"end":{"line":8,"column":3}},"loc":{"start":{"line":8,"column":16},"end":{"line":17,"column":3}},"line":8},"1":{"name":"(anonymous_1)","decl":{"start":{"line":20,"column":2},"end":{"line":20,"column":3}},"loc":{"start":{"line":20,"column":25},"end":{"line":26,"column":3}},"line":20},"2":{"name":"(anonymous_2)","decl":{"start":{"line":29,"column":2},"end":{"line":29,"column":3}},"loc":{"start":{"line":29,"column":22},"end":{"line":35,"column":3}},"line":29},"3":{"name":"(anonymous_3)","decl":{"start":{"line":38,"column":2},"end":{"line":38,"column":3}},"loc":{"start":{"line":38,"column":18},"end":{"line":56,"column":3}},"line":38},"4":{"name":"(anonymous_4)","decl":{"start":{"line":59,"column":2},"end":{"line":59,"column":3}},"loc":{"start":{"line":59,"column":18},"end":{"line":61,"column":3}},"line":59},"5":{"name":"(anonymous_5)","decl":{"start":{"line":64,"column":2},"end":{"line":64,"column":3}},"loc":{"start":{"line":64,"column":18},"end":{"line":71,"column":3}},"line":64},"6":{"name":"(anonymous_6)","decl":{"start":{"line":73,"column":2},"end":{"line":73,"column":3}},"loc":{"start":{"line":73,"column":11},"end":{"line":123,"column":3}},"line":73},"7":{"name":"(anonymous_7)","decl":{"start":{"line":126,"column":17},"end":{"line":126,"column":18}},"loc":{"start":{"line":126,"column":27},"end":{"line":131,"column":1}},"line":126},"8":{"name":"(anonymous_8)","decl":{"start":{"line":133,"column":20},"end":{"line":133,"column":21}},"loc":{"start":{"line":133,"column":32},"end":{"line":133,"column":76}},"line":133}},"branchMap":{"0":{"loc":{"start":{"line":21,"column":4},"end":{"line":21,"column":28}},"type":"if","locations":[{"start":{"line":21,"column":4},"end":{"line":21,"column":28}},{"start":{"line":21,"column":4},"end":{"line":21,"column":28}}],"line":21},"1":{"loc":{"start":{"line":23,"column":4},"end":{"line":23,"column":28}},"type":"if","locations":[{"start":{"line":23,"column":4},"end":{"line":23,"column":28}},{"start":{"line":23,"column":4},"end":{"line":23,"column":28}}],"line":23},"2":{"loc":{"start":{"line":30,"column":4},"end":{"line":30,"column":28}},"type":"if","locations":[{"start":{"line":30,"column":4},"end":{"line":30,"column":28}},{"start":{"line":30,"column":4},"end":{"line":30,"column":28}}],"line":30},"3":{"loc":{"start":{"line":32,"column":4},"end":{"line":32,"column":32}},"type":"if","locations":[{"start":{"line":32,"column":4},"end":{"line":32,"column":32}},{"start":{"line":32,"column":4},"end":{"line":32,"column":32}}],"line":32},"4":{"loc":{"start":{"line":39,"column":4},"end":{"line":39,"column":28}},"type":"if","locations":[{"start":{"line":39,"column":4},"end":{"line":39,"column":28}},{"start":{"line":39,"column":4},"end":{"line":39,"column":28}}],"line":39},"5":{"loc":{"start":{"line":41,"column":4},"end":{"line":41,"column":37}},"type":"if","locations":[{"start":{"line":41,"column":4},"end":{"line":41,"column":37}},{"start":{"line":41,"column":4},"end":{"line":41,"column":37}}],"line":41},"6":{"loc":{"start":{"line":41,"column":8},"end":{"line":41,"column":22}},"type":"binary-expr","locations":[{"start":{"line":41,"column":8},"end":{"line":41,"column":12}},{"start":{"line":41,"column":16},"end":{"line":41,"column":22}}],"line":41},"7":{"loc":{"start":{"line":45,"column":4},"end":{"line":53,"column":5}},"type":"if","locations":[{"start":{"line":45,"column":4},"end":{"line":53,"column":5}},{"start":{"line":45,"column":4},"end":{"line":53,"column":5}}],"line":45},"8":{"loc":{"start":{"line":45,"column":8},"end":{"line":45,"column":29}},"type":"binary-expr","locations":[{"start":{"line":45,"column":8},"end":{"line":45,"column":16}},{"start":{"line":45,"column":20},"end":{"line":45,"column":29}}],"line":45},"9":{"loc":{"start":{"line":47,"column":11},"end":{"line":53,"column":5}},"type":"if","locations":[{"start":{"line":47,"column":11},"end":{"line":53,"column":5}},{"start":{"line":47,"column":11},"end":{"line":53,"column":5}}],"line":47},"10":{"loc":{"start":{"line":49,"column":11},"end":{"line":53,"column":5}},"type":"if","locations":[{"start":{"line":49,"column":11},"end":{"line":53,"column":5}},{"start":{"line":49,"column":11},"end":{"line":53,"column":5}}],"line":49},"11":{"loc":{"start":{"line":109,"column":13},"end":{"line":118,"column":13}},"type":"binary-expr","locations":[{"start":{"line":109,"column":13},"end":{"line":109,"column":29}},{"start":{"line":110,"column":14},"end":{"line":117,"column":19}}],"line":109}},"s":{"0":1,"1":1,"2":1,"3":1,"4":1,"5":0,"6":1,"7":1,"8":0,"9":1,"10":1,"11":0,"12":1,"13":1,"14":0,"15":1,"16":1,"17":0,"18":1,"19":1,"20":0,"21":1,"22":1,"23":0,"24":0,"25":0,"26":0,"27":0,"28":1,"29":0,"30":0,"31":0,"32":0,"33":0,"34":0,"35":0,"36":1,"37":1,"38":2,"39":1,"40":2,"41":1},"f":{"0":1,"1":1,"2":1,"3":1,"4":0,"5":0,"6":1,"7":1,"8":1},"b":{"0":[0,1],"1":[0,1],"2":[0,1],"3":[0,1],"4":[0,1],"5":[0,1],"6":[1,1],"7":[1,0],"8":[1,0],"9":[0,0],"10":[0,0],"11":[1,0]},"_coverageSchema":"332fd63041d2c1bcb487cc26dd0d5f7d97098a6c","hash":"7117bcc40c22c54a3d74c661d0431e50089fb8eb"}
,"/Users/jeppesigaard/widget/app/tests/setupTests.js": {"path":"/Users/jeppesigaard/widget/app/tests/setupTests.js","statementMap":{"0":{"start":{"line":5,"column":0},"end":{"line":5,"column":38}}},"fnMap":{},"branchMap":{},"s":{"0":5},"f":{},"b":{},"_coverageSchema":"332fd63041d2c1bcb487cc26dd0d5f7d97098a6c","hash":"fda32c9f6bd31eb5468e8eb12277f7737d48d782"}
}
