TN:
SF:/Users/jeppesigaard/widget/config.js
FNF:0
FNH:0
DA:1,4
DA:2,4
LF:2
LH:2
BRF:0
BRH:0
end_of_record
TN:
SF:/Users/jeppesigaard/widget/app/actions.js
FN:9,(anonymous_0)
FN:14,(anonymous_1)
FN:15,(anonymous_2)
FN:21,(anonymous_3)
FN:24,(anonymous_4)
FNF:5
FNH:1
FNDA:3,(anonymous_0)
FNDA:0,(anonymous_1)
FNDA:0,(anonymous_2)
FNDA:0,(anonymous_3)
FNDA:0,(anonymous_4)
DA:6,4
DA:9,4
DA:10,3
DA:14,4
DA:15,0
DA:16,0
DA:17,0
DA:19,0
DA:22,0
DA:25,0
LF:10
LH:4
BRF:0
BRH:0
end_of_record
TN:
SF:/Users/jeppesigaard/widget/app/app.js
FN:8,(anonymous_0)
FNF:1
FNH:1
FNDA:1,(anonymous_0)
DA:8,1
DA:9,1
DA:10,1
LF:3
LH:3
BRF:0
BRH:0
end_of_record
TN:
SF:/Users/jeppesigaard/widget/app/reducer.js
FN:1,(anonymous_0)
FNF:1
FNH:1
FNDA:6,(anonymous_0)
DA:2,6
DA:3,3
DA:5,1
DA:9,1
DA:13,1
DA:17,3
LF:6
LH:6
BRDA:1,0,0,1
BRDA:2,1,0,3
BRDA:2,1,1,3
BRDA:3,2,0,1
BRDA:3,2,1,1
BRDA:3,2,2,1
BRF:6
BRH:6
end_of_record
TN:
SF:/Users/jeppesigaard/widget/app/template.js
FN:1,(anonymous_0)
FNF:1
FNH:1
FNDA:1,(anonymous_0)
DA:1,1
LF:1
LH:1
BRF:0
BRH:0
end_of_record
TN:
SF:/Users/jeppesigaard/widget/app/widget.js
FN:8,(anonymous_0)
FN:20,(anonymous_1)
FN:29,(anonymous_2)
FN:38,(anonymous_3)
FN:59,(anonymous_4)
FN:64,(anonymous_5)
FN:73,(anonymous_6)
FN:126,(anonymous_7)
FN:133,(anonymous_8)
FNF:9
FNH:7
FNDA:1,(anonymous_0)
FNDA:1,(anonymous_1)
FNDA:1,(anonymous_2)
FNDA:1,(anonymous_3)
FNDA:0,(anonymous_4)
FNDA:0,(anonymous_5)
FNDA:1,(anonymous_6)
FNDA:1,(anonymous_7)
FNDA:1,(anonymous_8)
DA:9,1
DA:12,1
DA:15,1
DA:16,1
DA:21,1
DA:22,1
DA:23,1
DA:25,1
DA:30,1
DA:31,1
DA:32,1
DA:34,1
DA:39,1
DA:40,1
DA:41,1
DA:45,1
DA:46,1
DA:47,0
DA:48,0
DA:49,0
DA:50,0
DA:52,0
DA:55,1
DA:60,0
DA:65,0
DA:66,0
DA:67,0
DA:68,0
DA:69,0
DA:70,0
DA:74,1
DA:75,1
DA:126,2
DA:133,2
LF:34
LH:22
BRDA:21,0,0,0
BRDA:21,0,1,1
BRDA:23,1,0,0
BRDA:23,1,1,1
BRDA:30,2,0,0
BRDA:30,2,1,1
BRDA:32,3,0,0
BRDA:32,3,1,1
BRDA:39,4,0,0
BRDA:39,4,1,1
BRDA:41,5,0,0
BRDA:41,5,1,1
BRDA:41,6,0,1
BRDA:41,6,1,1
BRDA:45,7,0,1
BRDA:45,7,1,0
BRDA:45,8,0,1
BRDA:45,8,1,0
BRDA:47,9,0,0
BRDA:47,9,1,0
BRDA:49,10,0,0
BRDA:49,10,1,0
BRDA:109,11,0,1
BRDA:109,11,1,0
BRF:24
BRH:11
end_of_record
TN:
SF:/Users/jeppesigaard/widget/app/tests/setupTests.js
FNF:0
FNH:0
DA:5,5
LF:1
LH:1
BRF:0
BRH:0
end_of_record
